<?xml version="1.0" encoding="UTF-8"?>
<!-- Generated by org.testng.reporters.JUnitReportReporter -->
<testsuite hostname="XD-KUMARAR-CNT" failures="0" tests="2" name="test.EPICPLTFRM_1494" time="80.896" errors="0" timestamp="2024-03-26T16:59:09 IST" skipped="0">
  <testcase classname="test.EPICPLTFRM_1494" name="PADOrder01" time="4.203"/>
  <system-out/>
  <testcase classname="test.EPICPLTFRM_1494" name="Login" time="76.693"/>
  <system-out/>
</testsuite> <!-- test.EPICPLTFRM_1494 -->
