<?xml version="1.0" encoding="UTF-8"?>
<!-- Generated by org.testng.reporters.JUnitReportReporter -->
<testsuite hostname="XD-KUMARAR-CNT" failures="0" tests="1" name="test.Pad" time="3.376" errors="0" timestamp="2024-05-23T19:14:59 IST" skipped="0">
  <testcase classname="test.Pad" name="PAR_Order_Creation" time="3.376"/>
  <system-out/>
</testsuite> <!-- test.Pad -->
